[12-Apr-2017 05:15:50 UTC] PHP Notice:  Undefined offset: 1 in /home/ubuntu/workspace/wp-admin/includes/dashboard.php on line 1227
[12-Apr-2017 05:15:50 UTC] PHP Stack trace:
[12-Apr-2017 05:15:50 UTC] PHP   1. {main}() /home/ubuntu/workspace/wp-admin/admin-ajax.php:0
[12-Apr-2017 05:15:50 UTC] PHP   2. do_action() /home/ubuntu/workspace/wp-admin/admin-ajax.php:91
[12-Apr-2017 05:15:50 UTC] PHP   3. WP_Hook->do_action() /home/ubuntu/workspace/wp-includes/plugin.php:453
[12-Apr-2017 05:15:50 UTC] PHP   4. WP_Hook->apply_filters() /home/ubuntu/workspace/wp-includes/class-wp-hook.php:323
[12-Apr-2017 05:15:50 UTC] PHP   5. call_user_func_array:{/home/ubuntu/workspace/wp-includes/class-wp-hook.php:298}() /home/ubuntu/workspace/wp-includes/class-wp-hook.php:298
[12-Apr-2017 05:15:50 UTC] PHP   6. wp_ajax_dashboard_widgets() /home/ubuntu/workspace/wp-includes/class-wp-hook.php:298
[12-Apr-2017 05:15:50 UTC] PHP   7. wp_dashboard_primary() /home/ubuntu/workspace/wp-admin/includes/ajax-actions.php:314
[12-Apr-2017 05:15:50 UTC] PHP   8. wp_dashboard_cached_rss_widget() /home/ubuntu/workspace/wp-admin/includes/dashboard.php:1169
[12-Apr-2017 05:15:50 UTC] PHP   9. call_user_func_array:{/home/ubuntu/workspace/wp-admin/includes/dashboard.php:999}() /home/ubuntu/workspace/wp-admin/includes/dashboard.php:999
[12-Apr-2017 05:15:50 UTC] PHP  10. wp_dashboard_primary_output() /home/ubuntu/workspace/wp-admin/includes/dashboard.php:999
[12-Apr-2017 05:15:50 UTC] PHP  11. wp_dashboard_plugins_output() /home/ubuntu/workspace/wp-admin/includes/dashboard.php:1185
[12-Apr-2017 06:28:58 UTC] PHP Parse error:  syntax error, unexpected ''<section id="%1$s" class="wid' (T_ENCAPSED_AND_WHITESPACE) in /home/ubuntu/workspace/wp-content/themes/customtheme/functions.php on line 24
[12-Apr-2017 06:28:58 UTC] PHP Stack trace:
[12-Apr-2017 06:28:58 UTC] PHP   1. {main}() /home/ubuntu/workspace/wp-admin/admin-ajax.php:0
[12-Apr-2017 06:28:58 UTC] PHP   2. require_once() /home/ubuntu/workspace/wp-admin/admin-ajax.php:22
[12-Apr-2017 06:28:58 UTC] PHP   3. require_once() /home/ubuntu/workspace/wp-load.php:37
[12-Apr-2017 06:28:58 UTC] PHP   4. require_once() /home/ubuntu/workspace/wp-config.php:92
[13-Apr-2017 05:25:23 UTC] PHP Notice:  Undefined offset: 1 in /home/ubuntu/workspace/wp-admin/includes/dashboard.php on line 1227
[13-Apr-2017 05:25:23 UTC] PHP Stack trace:
[13-Apr-2017 05:25:23 UTC] PHP   1. {main}() /home/ubuntu/workspace/wp-admin/admin-ajax.php:0
[13-Apr-2017 05:25:23 UTC] PHP   2. do_action() /home/ubuntu/workspace/wp-admin/admin-ajax.php:91
[13-Apr-2017 05:25:23 UTC] PHP   3. WP_Hook->do_action() /home/ubuntu/workspace/wp-includes/plugin.php:453
[13-Apr-2017 05:25:23 UTC] PHP   4. WP_Hook->apply_filters() /home/ubuntu/workspace/wp-includes/class-wp-hook.php:323
[13-Apr-2017 05:25:23 UTC] PHP   5. call_user_func_array:{/home/ubuntu/workspace/wp-includes/class-wp-hook.php:298}() /home/ubuntu/workspace/wp-includes/class-wp-hook.php:298
[13-Apr-2017 05:25:23 UTC] PHP   6. wp_ajax_dashboard_widgets() /home/ubuntu/workspace/wp-includes/class-wp-hook.php:298
[13-Apr-2017 05:25:23 UTC] PHP   7. wp_dashboard_primary() /home/ubuntu/workspace/wp-admin/includes/ajax-actions.php:314
[13-Apr-2017 05:25:23 UTC] PHP   8. wp_dashboard_cached_rss_widget() /home/ubuntu/workspace/wp-admin/includes/dashboard.php:1169
[13-Apr-2017 05:25:23 UTC] PHP   9. call_user_func_array:{/home/ubuntu/workspace/wp-admin/includes/dashboard.php:999}() /home/ubuntu/workspace/wp-admin/includes/dashboard.php:999
[13-Apr-2017 05:25:23 UTC] PHP  10. wp_dashboard_primary_output() /home/ubuntu/workspace/wp-admin/includes/dashboard.php:999
[13-Apr-2017 05:25:23 UTC] PHP  11. wp_dashboard_plugins_output() /home/ubuntu/workspace/wp-admin/includes/dashboard.php:1185
[14-Apr-2017 07:15:57 UTC] PHP Notice:  Undefined offset: 1 in /home/ubuntu/workspace/wp-admin/includes/dashboard.php on line 1227
[14-Apr-2017 07:15:57 UTC] PHP Stack trace:
[14-Apr-2017 07:15:57 UTC] PHP   1. {main}() /home/ubuntu/workspace/wp-admin/admin-ajax.php:0
[14-Apr-2017 07:15:57 UTC] PHP   2. do_action() /home/ubuntu/workspace/wp-admin/admin-ajax.php:91
[14-Apr-2017 07:15:57 UTC] PHP   3. WP_Hook->do_action() /home/ubuntu/workspace/wp-includes/plugin.php:453
[14-Apr-2017 07:15:57 UTC] PHP   4. WP_Hook->apply_filters() /home/ubuntu/workspace/wp-includes/class-wp-hook.php:323
[14-Apr-2017 07:15:57 UTC] PHP   5. call_user_func_array:{/home/ubuntu/workspace/wp-includes/class-wp-hook.php:298}() /home/ubuntu/workspace/wp-includes/class-wp-hook.php:298
[14-Apr-2017 07:15:57 UTC] PHP   6. wp_ajax_dashboard_widgets() /home/ubuntu/workspace/wp-includes/class-wp-hook.php:298
[14-Apr-2017 07:15:57 UTC] PHP   7. wp_dashboard_primary() /home/ubuntu/workspace/wp-admin/includes/ajax-actions.php:314
[14-Apr-2017 07:15:57 UTC] PHP   8. wp_dashboard_cached_rss_widget() /home/ubuntu/workspace/wp-admin/includes/dashboard.php:1169
[14-Apr-2017 07:15:57 UTC] PHP   9. call_user_func_array:{/home/ubuntu/workspace/wp-admin/includes/dashboard.php:999}() /home/ubuntu/workspace/wp-admin/includes/dashboard.php:999
[14-Apr-2017 07:15:57 UTC] PHP  10. wp_dashboard_primary_output() /home/ubuntu/workspace/wp-admin/includes/dashboard.php:999
[14-Apr-2017 07:15:57 UTC] PHP  11. wp_dashboard_plugins_output() /home/ubuntu/workspace/wp-admin/includes/dashboard.php:1185
